# JRE version: OpenJDK Runtime Environment (8.0_171-b11) (build 1.8.0_171-8u171-b11-0ubuntu0.16.04.1-b11)
# Java VM: OpenJDK 64-Bit Server VM (25.171-b11 mixed mode linux-amd64 compressed oops)
Heap:
 PSYoungGen      total 25600K, used 24311K [0x00000000d6b00000, 0x00000000d8c80000, 0x0000000100000000)
  eden space 24576K, 98% used [0x00000000d6b00000,0x00000000d82addd8,0x00000000d8300000)
  from space 1024K, 6% used [0x00000000d8a80000,0x00000000d8a90000,0x00000000d8b80000)
  to   space 1024K, 0% used [0x00000000d8b80000,0x00000000d8b80000,0x00000000d8c80000)
 ParOldGen       total 84992K, used 1093K [0x0000000084000000, 0x0000000089300000, 0x00000000d6b00000)
  object space 84992K, 1% used [0x0000000084000000,0x0000000084111528,0x0000000089300000)
 Metaspace       used 15742K, capacity 16020K, committed 16384K, reserved 1062912K
  class space    used 1884K, capacity 1957K, committed 2048K, reserved 1048576K
GC Heap History (10 events):
Event: 2,492 GC heap before
{Heap before GC invocations=16 (full 1):
 PSYoungGen      total 27648K, used 27200K [0x00000000d6b00000, 0x00000000d8d80000, 0x0000000100000000)
  eden space 27136K, 100% used [0x00000000d6b00000,0x00000000d8580000,0x00000000d8580000)
  from space 512K, 12% used [0x00000000d8d00000,0x00000000d8d10000,0x00000000d8d80000)
  to   space 1024K, 0% used [0x00000000d8b80000,0x00000000d8b80000,0x00000000d8c80000)
 ParOldGen       total 84992K, used 1093K [0x0000000084000000, 0x0000000089300000, 0x00000000d6b00000)
  object space 84992K, 1% used [0x0000000084000000,0x0000000084111528,0x0000000089300000)
 Metaspace       used 6977K, capacity 7206K, committed 7296K, reserved 1056768K
  class space    used 784K, capacity 841K, committed 896K, reserved 1048576K
Event: 2,492 GC heap after
Heap after GC invocations=16 (full 1):
 PSYoungGen      total 27648K, used 32K [0x00000000d6b00000, 0x00000000d8d80000, 0x0000000100000000)
  eden space 26624K, 0% used [0x00000000d6b00000,0x00000000d6b00000,0x00000000d8500000)
  from space 1024K, 3% used [0x00000000d8b80000,0x00000000d8b88000,0x00000000d8c80000)
  to   space 1024K, 0% used [0x00000000d8c80000,0x00000000d8c80000,0x00000000d8d80000)
 ParOldGen       total 84992K, used 1093K [0x0000000084000000, 0x0000000089300000, 0x00000000d6b00000)
  object space 84992K, 1% used [0x0000000084000000,0x0000000084111528,0x0000000089300000)
 Metaspace       used 6977K, capacity 7206K, committed 7296K, reserved 1056768K
  class space    used 784K, capacity 841K, committed 896K, reserved 1048576K
}
Event: 2,636 GC heap before
{Heap before GC invocations=17 (full 1):
 PSYoungGen      total 27648K, used 26656K [0x00000000d6b00000, 0x00000000d8d80000, 0x0000000100000000)
  eden space 26624K, 100% used [0x00000000d6b00000,0x00000000d8500000,0x00000000d8500000)
  from space 1024K, 3% used [0x00000000d8b80000,0x00000000d8b88000,0x00000000d8c80000)
  to   space 1024K, 0% used [0x00000000d8c80000,0x00000000d8c80000,0x00000000d8d80000)
 ParOldGen       total 84992K, used 1093K [0x0000000084000000, 0x0000000089300000, 0x00000000d6b00000)
  object space 84992K, 1% used [0x0000000084000000,0x0000000084111528,0x0000000089300000)
 Metaspace       used 6977K, capacity 7206K, committed 7296K, reserved 1056768K
  class space    used 784K, capacity 841K, committed 896K, reserved 1048576K
Event: 2,637 GC heap after
Heap after GC invocations=17 (full 1):
 PSYoungGen      total 26624K, used 64K [0x00000000d6b00000, 0x00000000d8d00000, 0x0000000100000000)
  eden space 26112K, 0% used [0x00000000d6b00000,0x00000000d6b00000,0x00000000d8480000)
  from space 512K, 12% used [0x00000000d8c80000,0x00000000d8c90000,0x00000000d8d00000)
  to   space 1024K, 0% used [0x00000000d8b00000,0x00000000d8b00000,0x00000000d8c00000)
 ParOldGen       total 84992K, used 1093K [0x0000000084000000, 0x0000000089300000, 0x00000000d6b00000)
  object space 84992K, 1% used [0x0000000084000000,0x0000000084111528,0x0000000089300000)
 Metaspace       used 6977K, capacity 7206K, committed 7296K, reserved 1056768K
  class space    used 784K, capacity 841K, committed 896K, reserved 1048576K
}
Event: 2,769 GC heap before
{Heap before GC invocations=18 (full 1):
 PSYoungGen      total 26624K, used 26176K [0x00000000d6b00000, 0x00000000d8d00000, 0x0000000100000000)
  eden space 26112K, 100% used [0x00000000d6b00000,0x00000000d8480000,0x00000000d8480000)
  from space 512K, 12% used [0x00000000d8c80000,0x00000000d8c90000,0x00000000d8d00000)
  to   space 1024K, 0% used [0x00000000d8b00000,0x00000000d8b00000,0x00000000d8c00000)
 ParOldGen       total 84992K, used 1093K [0x0000000084000000, 0x0000000089300000, 0x00000000d6b00000)
  object space 84992K, 1% used [0x0000000084000000,0x0000000084111528,0x0000000089300000)
 Metaspace       used 6977K, capacity 7206K, committed 7296K, reserved 1056768K
  class space    used 784K, capacity 841K, committed 896K, reserved 1048576K
Event: 2,769 GC heap after
Heap after GC invocations=18 (full 1):
 PSYoungGen      total 26624K, used 96K [0x00000000d6b00000, 0x00000000d8d00000, 0x0000000100000000)
  eden space 25600K, 0% used [0x00000000d6b00000,0x00000000d6b00000,0x00000000d8400000)
  from space 1024K, 9% used [0x00000000d8b00000,0x00000000d8b18000,0x00000000d8c00000)
  to   space 1024K, 0% used [0x00000000d8c00000,0x00000000d8c00000,0x00000000d8d00000)
 ParOldGen       total 84992K, used 1093K [0x0000000084000000, 0x0000000089300000, 0x00000000d6b00000)
  object space 84992K, 1% used [0x0000000084000000,0x0000000084111528,0x0000000089300000)
 Metaspace       used 6977K, capacity 7206K, committed 7296K, reserved 1056768K
  class space    used 784K, capacity 841K, committed 896K, reserved 1048576K
}
Event: 2,896 GC heap before
{Heap before GC invocations=19 (full 1):
 PSYoungGen      total 26624K, used 25696K [0x00000000d6b00000, 0x00000000d8d00000, 0x0000000100000000)
  eden space 25600K, 100% used [0x00000000d6b00000,0x00000000d8400000,0x00000000d8400000)
  from space 1024K, 9% used [0x00000000d8b00000,0x00000000d8b18000,0x00000000d8c00000)
  to   space 1024K, 0% used [0x00000000d8c00000,0x00000000d8c00000,0x00000000d8d00000)
 ParOldGen       total 84992K, used 1093K [0x0000000084000000, 0x0000000089300000, 0x00000000d6b00000)
  object space 84992K, 1% used [0x0000000084000000,0x0000000084111528,0x0000000089300000)
 Metaspace       used 6977K, capacity 7206K, committed 7296K, reserved 1056768K
  class space    used 784K, capacity 841K, committed 896K, reserved 1048576K
Event: 2,896 GC heap after
Heap after GC invocations=19 (full 1):
 PSYoungGen      total 25600K, used 32K [0x00000000d6b00000, 0x00000000d8c80000, 0x0000000100000000)
  eden space 25088K, 0% used [0x00000000d6b00000,0x00000000d6b00000,0x00000000d8380000)
  from space 512K, 6% used [0x00000000d8c00000,0x00000000d8c08000,0x00000000d8c80000)
  to   space 1024K, 0% used [0x00000000d8a80000,0x00000000d8a80000,0x00000000d8b80000)
 ParOldGen       total 84992K, used 1093K [0x0000000084000000, 0x0000000089300000, 0x00000000d6b00000)
  object space 84992K, 1% used [0x0000000084000000,0x0000000084111528,0x0000000089300000)
 Metaspace       used 6977K, capacity 7206K, committed 7296K, reserved 1056768K
  class space    used 784K, capacity 841K, committed 896K, reserved 1048576K
}
Event: 3,019 GC heap before
{Heap before GC invocations=20 (full 1):
 PSYoungGen      total 25600K, used 25120K [0x00000000d6b00000, 0x00000000d8c80000, 0x0000000100000000)
  eden space 25088K, 100% used [0x00000000d6b00000,0x00000000d8380000,0x00000000d8380000)
  from space 512K, 6% used [0x00000000d8c00000,0x00000000d8c08000,0x00000000d8c80000)
  to   space 1024K, 0% used [0x00000000d8a80000,0x00000000d8a80000,0x00000000d8b80000)
 ParOldGen       total 84992K, used 1093K [0x0000000084000000, 0x0000000089300000, 0x00000000d6b00000)
  object space 84992K, 1% used [0x0000000084000000,0x0000000084111528,0x0000000089300000)
 Metaspace       used 6977K, capacity 7206K, committed 7296K, reserved 1056768K
  class space    used 784K, capacity 841K, committed 896K, reserved 1048576K
Event: 3,020 GC heap after
Heap after GC invocations=20 (full 1):
 PSYoungGen      total 25600K, used 64K [0x00000000d6b00000, 0x00000000d8c80000, 0x0000000100000000)
  eden space 24576K, 0% used [0x00000000d6b00000,0x00000000d6b00000,0x00000000d8300000)
  from space 1024K, 6% used [0x00000000d8a80000,0x00000000d8a90000,0x00000000d8b80000)
  to   space 1024K, 0% used [0x00000000d8b80000,0x00000000d8b80000,0x00000000d8c80000)
 ParOldGen       total 84992K, used 1093K [0x0000000084000000, 0x0000000089300000, 0x00000000d6b00000)
  object space 84992K, 1% used [0x0000000084000000,0x0000000084111528,0x0000000089300000)
 Metaspace       used 6977K, capacity 7206K, committed 7296K, reserved 1056768K
  class space    used 784K, capacity 841K, committed 896K, reserved 1048576K
}

