# JRE version: OpenJDK Runtime Environment (8.0_171-b11) (build 1.8.0_171-8u171-b11-0ubuntu0.16.04.1-b11)
# Java VM: OpenJDK 64-Bit Server VM (25.171-b11 mixed mode linux-amd64 compressed oops)
Heap:
 PSYoungGen      total 36864K, used 8573K [0x00000000d6b00000, 0x00000000d9400000, 0x0000000100000000)
  eden space 31744K, 27% used [0x00000000d6b00000,0x00000000d735f518,0x00000000d8a00000)
  from space 5120K, 0% used [0x00000000d8a00000,0x00000000d8a00000,0x00000000d8f00000)
  to   space 5120K, 0% used [0x00000000d8f00000,0x00000000d8f00000,0x00000000d9400000)
 ParOldGen       total 84992K, used 820K [0x0000000084000000, 0x0000000089300000, 0x00000000d6b00000)
  object space 84992K, 0% used [0x0000000084000000,0x00000000840cd3e0,0x0000000089300000)
 Metaspace       used 15536K, capacity 15826K, committed 16128K, reserved 1062912K
  class space    used 1880K, capacity 1956K, committed 2048K, reserved 1048576K
GC Heap History (4 events):
Event: 0,145 GC heap before
{Heap before GC invocations=1 (full 0):
 PSYoungGen      total 36864K, used 4446K [0x00000000d6b00000, 0x00000000d9400000, 0x0000000100000000)
  eden space 31744K, 14% used [0x00000000d6b00000,0x00000000d6f57858,0x00000000d8a00000)
  from space 5120K, 0% used [0x00000000d8f00000,0x00000000d8f00000,0x00000000d9400000)
  to   space 5120K, 0% used [0x00000000d8a00000,0x00000000d8a00000,0x00000000d8f00000)
 ParOldGen       total 84992K, used 0K [0x0000000084000000, 0x0000000089300000, 0x00000000d6b00000)
  object space 84992K, 0% used [0x0000000084000000,0x0000000084000000,0x0000000089300000)
 Metaspace       used 5964K, capacity 6168K, committed 6400K, reserved 1056768K
  class space    used 674K, capacity 732K, committed 768K, reserved 1048576K
Event: 0,146 GC heap after
Heap after GC invocations=1 (full 0):
 PSYoungGen      total 36864K, used 880K [0x00000000d6b00000, 0x00000000d9400000, 0x0000000100000000)
  eden space 31744K, 0% used [0x00000000d6b00000,0x00000000d6b00000,0x00000000d8a00000)
  from space 5120K, 17% used [0x00000000d8a00000,0x00000000d8adc010,0x00000000d8f00000)
  to   space 5120K, 0% used [0x00000000d8f00000,0x00000000d8f00000,0x00000000d9400000)
 ParOldGen       total 84992K, used 8K [0x0000000084000000, 0x0000000089300000, 0x00000000d6b00000)
  object space 84992K, 0% used [0x0000000084000000,0x0000000084002000,0x0000000089300000)
 Metaspace       used 5964K, capacity 6168K, committed 6400K, reserved 1056768K
  class space    used 674K, capacity 732K, committed 768K, reserved 1048576K
}
Event: 0,146 GC heap before
{Heap before GC invocations=2 (full 1):
 PSYoungGen      total 36864K, used 880K [0x00000000d6b00000, 0x00000000d9400000, 0x0000000100000000)
  eden space 31744K, 0% used [0x00000000d6b00000,0x00000000d6b00000,0x00000000d8a00000)
  from space 5120K, 17% used [0x00000000d8a00000,0x00000000d8adc010,0x00000000d8f00000)
  to   space 5120K, 0% used [0x00000000d8f00000,0x00000000d8f00000,0x00000000d9400000)
 ParOldGen       total 84992K, used 8K [0x0000000084000000, 0x0000000089300000, 0x00000000d6b00000)
  object space 84992K, 0% used [0x0000000084000000,0x0000000084002000,0x0000000089300000)
 Metaspace       used 5964K, capacity 6168K, committed 6400K, reserved 1056768K
  class space    used 674K, capacity 732K, committed 768K, reserved 1048576K
Event: 0,154 GC heap after
Heap after GC invocations=2 (full 1):
 PSYoungGen      total 36864K, used 0K [0x00000000d6b00000, 0x00000000d9400000, 0x0000000100000000)
  eden space 31744K, 0% used [0x00000000d6b00000,0x00000000d6b00000,0x00000000d8a00000)
  from space 5120K, 0% used [0x00000000d8a00000,0x00000000d8a00000,0x00000000d8f00000)
  to   space 5120K, 0% used [0x00000000d8f00000,0x00000000d8f00000,0x00000000d9400000)
 ParOldGen       total 84992K, used 820K [0x0000000084000000, 0x0000000089300000, 0x00000000d6b00000)
  object space 84992K, 0% used [0x0000000084000000,0x00000000840cd3e0,0x0000000089300000)
 Metaspace       used 5964K, capacity 6168K, committed 6400K, reserved 1056768K
  class space    used 674K, capacity 732K, committed 768K, reserved 1048576K
}

